<?xml version="1.0" encoding="UTF-8"?>
<!-- Generated by org.testng.reporters.JUnitReportReporter -->
<testsuite hostname="Sagar" failures="0" tests="2" name="testing.TestngDataProviderExcelSheet" time="0.000" errors="0" timestamp="2022-11-14T22:52:36 IST" skipped="2">
  <testcase classname="testing.TestngDataProviderExcelSheet" name="run1" time="0.000">
    <skipped/>
  </testcase> <!-- run1 -->
  <system-out/>
  <testcase classname="testing.TestngDataProviderExcelSheet" name="run2" time="0.000">
    <skipped/>
  </testcase> <!-- run2 -->
  <system-out/>
</testsuite> <!-- testing.TestngDataProviderExcelSheet -->
